2023-03-07 20:16:00 info: 📦 Database initialized
2023-03-07 20:16:00 info: =================================
2023-03-07 20:16:00 info: ======= ENV: development =======
2023-03-07 20:16:00 info: 🚀 App listening on the port 5000
2023-03-07 20:16:00 info: =================================
2023-03-07 20:16:46 info: 📦 Database initialized
2023-03-07 20:16:46 info: =================================
2023-03-07 20:16:46 info: ======= ENV: development =======
2023-03-07 20:16:46 info: 🚀 App listening on the port 5000
2023-03-07 20:16:46 info: =================================
2023-03-07 20:16:59 info: 📦 Database initialized
2023-03-07 20:16:59 info: =================================
2023-03-07 20:16:59 info: ======= ENV: development =======
2023-03-07 20:16:59 info: 🚀 App listening on the port 5000
2023-03-07 20:16:59 info: =================================
2023-03-07 20:17:10 info: 📦 Database initialized
2023-03-07 20:17:10 info: =================================
2023-03-07 20:17:10 info: ======= ENV: development =======
2023-03-07 20:17:10 info: 🚀 App listening on the port 5000
2023-03-07 20:17:10 info: =================================
2023-03-07 20:18:01 info: 📦 Database initialized
2023-03-07 20:18:01 info: =================================
2023-03-07 20:18:01 info: ======= ENV: development =======
2023-03-07 20:18:01 info: 🚀 App listening on the port 5000
2023-03-07 20:18:01 info: =================================
2023-03-07 20:18:05 info: 📦 Database initialized
2023-03-07 20:18:05 info: =================================
2023-03-07 20:18:05 info: ======= ENV: development =======
2023-03-07 20:18:05 info: 🚀 App listening on the port 5000
2023-03-07 20:18:05 info: =================================
2023-03-07 20:18:54 info: 📦 Database initialized
2023-03-07 20:18:54 info: =================================
2023-03-07 20:18:54 info: ======= ENV: development =======
2023-03-07 20:18:54 info: 🚀 App listening on the port 5000
2023-03-07 20:18:54 info: =================================
2023-03-07 21:17:41 info: 📦 Database initialized
2023-03-07 21:17:41 info: =================================
2023-03-07 21:17:41 info: ======= ENV: development =======
2023-03-07 21:17:41 info: 🚀 App listening on the port 5000
2023-03-07 21:17:41 info: =================================
2023-03-07 21:20:35 error: this.driver.connection.logger.logQuery is not a function
2023-03-07 21:22:09 info: 📦 Database initialized
2023-03-07 21:22:09 info: =================================
2023-03-07 21:22:09 info: ======= ENV: development =======
2023-03-07 21:22:09 info: 🚀 App listening on the port 5000
2023-03-07 21:22:09 info: =================================
2023-03-07 21:22:12 info: 📦 Database initialized
2023-03-07 21:22:12 info: =================================
2023-03-07 21:22:12 info: ======= ENV: development =======
2023-03-07 21:22:12 info: 🚀 App listening on the port 5000
2023-03-07 21:22:12 info: =================================
2023-03-07 21:24:16 info: 📦 Database initialized
2023-03-07 21:24:16 info: =================================
2023-03-07 21:24:16 info: ======= ENV: development =======
2023-03-07 21:24:16 info: 🚀 App listening on the port 5000
2023-03-07 21:24:16 info: =================================
2023-03-07 21:27:31 info: 📦 Database initialized
2023-03-07 21:27:31 info: =================================
2023-03-07 21:27:31 info: ======= ENV: development =======
2023-03-07 21:27:31 info: 🚀 App listening on the port 5000
2023-03-07 21:27:31 info: =================================
2023-03-07 21:27:53 info: 📦 Database initialized
2023-03-07 21:27:53 info: =================================
2023-03-07 21:27:53 info: ======= ENV: development =======
2023-03-07 21:27:53 info: 🚀 App listening on the port 5000
2023-03-07 21:27:53 info: =================================
2023-03-07 21:30:11 info: 📦 Database initialized
2023-03-07 21:30:11 info: =================================
2023-03-07 21:30:11 info: ======= ENV: development =======
2023-03-07 21:30:11 info: 🚀 App listening on the port 5000
2023-03-07 21:30:11 info: =================================
2023-03-07 21:30:46 info: 📦 Database initialized
2023-03-07 21:30:46 info: =================================
2023-03-07 21:30:46 info: ======= ENV: development =======
2023-03-07 21:30:46 info: 🚀 App listening on the port 5000
2023-03-07 21:30:46 info: =================================
2023-03-07 21:30:50 info: 📦 Database initialized
2023-03-07 21:30:50 info: =================================
2023-03-07 21:30:50 info: ======= ENV: development =======
2023-03-07 21:30:50 info: 🚀 App listening on the port 5000
2023-03-07 21:30:50 info: =================================
2023-03-07 21:32:43 info: 📦 Database initialized
2023-03-07 21:32:43 info: =================================
2023-03-07 21:32:43 info: ======= ENV: development =======
2023-03-07 21:32:43 info: 🚀 App listening on the port 5000
2023-03-07 21:32:43 info: =================================
2023-03-07 21:32:56 info: 📦 Database initialized
2023-03-07 21:32:56 info: =================================
2023-03-07 21:32:56 info: ======= ENV: development =======
2023-03-07 21:32:56 info: 🚀 App listening on the port 5000
2023-03-07 21:32:56 info: =================================
2023-03-07 21:33:15 info: 📦 Database initialized
2023-03-07 21:33:15 info: =================================
2023-03-07 21:33:15 info: ======= ENV: development =======
2023-03-07 21:33:15 info: 🚀 App listening on the port 5000
2023-03-07 21:33:15 info: =================================
2023-03-07 21:34:07 info: 📦 Database initialized
2023-03-07 21:34:07 info: =================================
2023-03-07 21:34:07 info: ======= ENV: development =======
2023-03-07 21:34:07 info: 🚀 App listening on the port 5000
2023-03-07 21:34:07 info: =================================
2023-03-07 21:34:29 info: 📦 Database initialized
2023-03-07 21:34:29 info: =================================
2023-03-07 21:34:29 info: ======= ENV: development =======
2023-03-07 21:34:29 info: 🚀 App listening on the port 5000
2023-03-07 21:34:29 info: =================================
2023-03-07 21:34:34 info: 📦 Database initialized
2023-03-07 21:34:34 info: =================================
2023-03-07 21:34:34 info: ======= ENV: development =======
2023-03-07 21:34:34 info: 🚀 App listening on the port 5000
2023-03-07 21:34:34 info: =================================
2023-03-07 21:36:52 info: 📦 Database initialized
2023-03-07 21:36:52 info: =================================
2023-03-07 21:36:52 info: ======= ENV: development =======
2023-03-07 21:36:52 info: 🚀 App listening on the port 5000
2023-03-07 21:36:52 info: =================================
2023-03-07 21:37:19 info: 📦 Database initialized
2023-03-07 21:37:19 info: =================================
2023-03-07 21:37:19 info: ======= ENV: development =======
2023-03-07 21:37:19 info: 🚀 App listening on the port 5000
2023-03-07 21:37:19 info: =================================
2023-03-07 21:37:23 info: 📦 Database initialized
2023-03-07 21:37:23 info: =================================
2023-03-07 21:37:23 info: ======= ENV: development =======
2023-03-07 21:37:23 info: 🚀 App listening on the port 5000
2023-03-07 21:37:23 info: =================================
2023-03-07 21:37:45 info: 📦 Database initialized
2023-03-07 21:37:45 info: =================================
2023-03-07 21:37:45 info: ======= ENV: development =======
2023-03-07 21:37:45 info: 🚀 App listening on the port 5000
2023-03-07 21:37:45 info: =================================
2023-03-07 21:41:15 info: 📦 Database initialized
2023-03-07 21:41:15 info: =================================
2023-03-07 21:41:15 info: ======= ENV: development =======
2023-03-07 21:41:15 info: 🚀 App listening on the port 5000
2023-03-07 21:41:15 info: =================================
2023-03-07 21:47:05 info: 📦 Database initialized
2023-03-07 21:47:05 info: =================================
2023-03-07 21:47:05 info: ======= ENV: development =======
2023-03-07 21:47:05 info: 🚀 App listening on the port 5000
2023-03-07 21:47:05 info: =================================
2023-03-07 21:47:48 info: 📦 Database initialized
2023-03-07 21:47:48 info: =================================
2023-03-07 21:47:48 info: ======= ENV: development =======
2023-03-07 21:47:48 info: 🚀 App listening on the port 5000
2023-03-07 21:47:48 info: =================================
2023-03-07 21:48:27 info: 📦 Database initialized
2023-03-07 21:48:27 info: =================================
2023-03-07 21:48:27 info: ======= ENV: development =======
2023-03-07 21:48:27 info: 🚀 App listening on the port 5000
2023-03-07 21:48:27 info: =================================
2023-03-07 21:48:50 info: 📦 Database initialized
2023-03-07 21:48:50 info: =================================
2023-03-07 21:48:50 info: ======= ENV: development =======
2023-03-07 21:48:50 info: 🚀 App listening on the port 5000
2023-03-07 21:48:50 info: =================================
2023-03-07 21:49:42 info: 📦 Database initialized
2023-03-07 21:49:42 info: =================================
2023-03-07 21:49:42 info: ======= ENV: development =======
2023-03-07 21:49:42 info: 🚀 App listening on the port 5000
2023-03-07 21:49:42 info: =================================
2023-03-07 21:50:43 info: 📦 Database initialized
2023-03-07 21:50:43 info: =================================
2023-03-07 21:50:43 info: ======= ENV: development =======
2023-03-07 21:50:43 info: 🚀 App listening on the port 5000
2023-03-07 21:50:43 info: =================================
2023-03-07 21:54:20 info: 📦 Database initialized
2023-03-07 21:54:20 info: =================================
2023-03-07 21:54:20 info: ======= ENV: development =======
2023-03-07 21:54:20 info: 🚀 App listening on the port 5000
2023-03-07 21:54:20 info: =================================
2023-03-07 21:54:55 info: 📦 Database initialized
2023-03-07 21:54:55 info: =================================
2023-03-07 21:54:55 info: ======= ENV: development =======
2023-03-07 21:54:55 info: 🚀 App listening on the port 5000
2023-03-07 21:54:55 info: =================================
2023-03-07 21:56:03 info: 📦 Database initialized
2023-03-07 21:56:03 info: =================================
2023-03-07 21:56:03 info: ======= ENV: development =======
2023-03-07 21:56:03 info: 🚀 App listening on the port 5000
2023-03-07 21:56:03 info: =================================
2023-03-07 21:59:41 info: 📦 Database initialized
2023-03-07 21:59:41 info: =================================
2023-03-07 21:59:41 info: ======= ENV: development =======
2023-03-07 21:59:41 info: 🚀 App listening on the port 5000
2023-03-07 21:59:41 info: =================================
2023-03-07 22:00:25 info: 📦 Database initialized
2023-03-07 22:00:25 info: =================================
2023-03-07 22:00:25 info: ======= ENV: development =======
2023-03-07 22:00:25 info: 🚀 App listening on the port 5000
2023-03-07 22:00:25 info: =================================
2023-03-07 22:00:51 info: 📦 Database initialized
2023-03-07 22:00:51 info: =================================
2023-03-07 22:00:51 info: ======= ENV: development =======
2023-03-07 22:00:51 info: 🚀 App listening on the port 5000
2023-03-07 22:00:51 info: =================================
2023-03-07 22:01:00 info: 📦 Database initialized
2023-03-07 22:01:00 info: =================================
2023-03-07 22:01:00 info: ======= ENV: development =======
2023-03-07 22:01:00 info: 🚀 App listening on the port 5000
2023-03-07 22:01:00 info: =================================
2023-03-07 22:01:12 info: 📦 Database initialized
2023-03-07 22:01:12 info: =================================
2023-03-07 22:01:12 info: ======= ENV: development =======
2023-03-07 22:01:12 info: 🚀 App listening on the port 5000
2023-03-07 22:01:12 info: =================================
2023-03-07 22:05:00 info: 📦 Database initialized
2023-03-07 22:05:00 info: =================================
2023-03-07 22:05:00 info: ======= ENV: development =======
2023-03-07 22:05:00 info: 🚀 App listening on the port 5000
2023-03-07 22:05:00 info: =================================
2023-03-07 22:05:29 info: 📦 Database initialized
2023-03-07 22:05:29 info: =================================
2023-03-07 22:05:29 info: ======= ENV: development =======
2023-03-07 22:05:29 info: 🚀 App listening on the port 5000
2023-03-07 22:05:29 info: =================================
2023-03-07 22:09:41 info: 📦 Database initialized
2023-03-07 22:09:41 info: =================================
2023-03-07 22:09:41 info: ======= ENV: development =======
2023-03-07 22:09:41 info: 🚀 App listening on the port 5000
2023-03-07 22:09:41 info: =================================
2023-03-07 22:09:49 info: 📦 Database initialized
2023-03-07 22:09:49 info: =================================
2023-03-07 22:09:49 info: ======= ENV: development =======
2023-03-07 22:09:49 info: 🚀 App listening on the port 5000
2023-03-07 22:09:49 info: =================================
2023-03-07 22:09:54 info: 📦 Database initialized
2023-03-07 22:09:54 info: =================================
2023-03-07 22:09:54 info: ======= ENV: development =======
2023-03-07 22:09:54 info: 🚀 App listening on the port 5000
2023-03-07 22:09:54 info: =================================
2023-03-07 22:10:28 info: 📦 Database initialized
2023-03-07 22:10:28 info: =================================
2023-03-07 22:10:28 info: ======= ENV: development =======
2023-03-07 22:10:28 info: 🚀 App listening on the port 5000
2023-03-07 22:10:28 info: =================================
2023-03-07 22:11:11 info: 📦 Database initialized
2023-03-07 22:11:11 info: =================================
2023-03-07 22:11:11 info: ======= ENV: development =======
2023-03-07 22:11:11 info: 🚀 App listening on the port 5000
2023-03-07 22:11:11 info: =================================
2023-03-07 22:11:37 info: 📦 Database initialized
2023-03-07 22:11:37 info: =================================
2023-03-07 22:11:37 info: ======= ENV: development =======
2023-03-07 22:11:37 info: 🚀 App listening on the port 5000
2023-03-07 22:11:37 info: =================================
2023-03-07 22:12:10 info: 📦 Database initialized
2023-03-07 22:12:10 info: =================================
2023-03-07 22:12:10 info: ======= ENV: development =======
2023-03-07 22:12:10 info: 🚀 App listening on the port 5000
2023-03-07 22:12:10 info: =================================
2023-03-07 22:12:21 info: 📦 Database initialized
2023-03-07 22:12:21 info: =================================
2023-03-07 22:12:21 info: ======= ENV: development =======
2023-03-07 22:12:21 info: 🚀 App listening on the port 5000
2023-03-07 22:12:21 info: =================================
2023-03-07 22:13:09 info: 📦 Database initialized
2023-03-07 22:13:09 info: =================================
2023-03-07 22:13:09 info: ======= ENV: development =======
2023-03-07 22:13:09 info: 🚀 App listening on the port 5000
2023-03-07 22:13:09 info: =================================
2023-03-07 22:13:18 info: 📦 Database initialized
2023-03-07 22:13:18 info: =================================
2023-03-07 22:13:18 info: ======= ENV: development =======
2023-03-07 22:13:18 info: 🚀 App listening on the port 5000
2023-03-07 22:13:18 info: =================================
2023-03-07 22:16:00 info: 📦 Database initialized
2023-03-07 22:16:00 info: =================================
2023-03-07 22:16:00 info: ======= ENV: development =======
2023-03-07 22:16:00 info: 🚀 App listening on the port 5000
2023-03-07 22:16:00 info: =================================
2023-03-07 22:17:41 info: [0mGET /users [33m404[0m 5.592 ms - 144[0m
2023-03-07 22:18:17 info: [0mGET /users/ [33m404[0m 2.020 ms - 145[0m
2023-03-07 22:23:45 info: 📦 Database initialized
2023-03-07 22:23:45 info: =================================
2023-03-07 22:23:45 info: ======= ENV: development =======
2023-03-07 22:23:45 info: 🚀 App listening on the port 5000
2023-03-07 22:23:45 info: =================================
2023-03-07 22:27:23 info: 📦 Database initialized
2023-03-07 22:27:23 info: =================================
2023-03-07 22:27:23 info: ======= ENV: development =======
2023-03-07 22:27:23 info: 🚀 App listening on the port 5000
2023-03-07 22:27:23 info: =================================
2023-03-07 22:27:37 info: 📦 Database initialized
2023-03-07 22:27:37 info: =================================
2023-03-07 22:27:37 info: ======= ENV: development =======
2023-03-07 22:27:37 info: 🚀 App listening on the port 5000
2023-03-07 22:27:37 info: =================================
2023-03-07 22:32:40 info: 📦 Database initialized
2023-03-07 22:32:41 info: =================================
2023-03-07 22:32:41 info: ======= ENV: development =======
2023-03-07 22:32:41 info: 🚀 App listening on the port 5000
2023-03-07 22:32:41 info: =================================
2023-03-07 22:33:17 info: 📦 Database initialized
2023-03-07 22:33:17 info: =================================
2023-03-07 22:33:17 info: ======= ENV: development =======
2023-03-07 22:33:17 info: 🚀 App listening on the port 5000
2023-03-07 22:33:17 info: =================================
2023-03-07 22:33:25 info: 📦 Database initialized
2023-03-07 22:33:25 info: =================================
2023-03-07 22:33:25 info: ======= ENV: development =======
2023-03-07 22:33:25 info: 🚀 App listening on the port 5000
2023-03-07 22:33:25 info: =================================
2023-03-07 22:33:48 info: 📦 Database initialized
2023-03-07 22:33:48 info: =================================
2023-03-07 22:33:48 info: ======= ENV: development =======
2023-03-07 22:33:48 info: 🚀 App listening on the port 5000
2023-03-07 22:33:48 info: =================================
2023-03-07 22:35:49 info: 📦 Database initialized
2023-03-07 22:35:49 info: =================================
2023-03-07 22:35:49 info: ======= ENV: development =======
2023-03-07 22:35:49 info: 🚀 App listening on the port 5000
2023-03-07 22:35:49 info: =================================
2023-03-07 22:36:16 info: 📦 Database initialized
2023-03-07 22:36:16 info: =================================
2023-03-07 22:36:16 info: ======= ENV: development =======
2023-03-07 22:36:16 info: 🚀 App listening on the port 5000
2023-03-07 22:36:16 info: =================================
2023-03-07 22:36:41 info: 📦 Database initialized
2023-03-07 22:36:41 info: =================================
2023-03-07 22:36:41 info: ======= ENV: development =======
2023-03-07 22:36:41 info: 🚀 App listening on the port 5000
2023-03-07 22:36:41 info: =================================
2023-03-07 22:39:18 info: 📦 Database initialized
2023-03-07 22:39:18 info: =================================
2023-03-07 22:39:18 info: ======= ENV: development =======
2023-03-07 22:39:18 info: 🚀 App listening on the port 5000
2023-03-07 22:39:18 info: =================================
2023-03-07 22:41:02 info: 📦 Database initialized
2023-03-07 22:41:02 info: =================================
2023-03-07 22:41:02 info: ======= ENV: development =======
2023-03-07 22:41:02 info: 🚀 App listening on the port 5000
2023-03-07 22:41:02 info: =================================
2023-03-07 22:49:04 info: 📦 Database initialized
2023-03-07 22:49:04 info: =================================
2023-03-07 22:49:04 info: ======= ENV: development =======
2023-03-07 22:49:04 info: 🚀 App listening on the port 5000
2023-03-07 22:49:04 info: =================================
2023-03-07 22:49:19 info: [0mGET /users/ [33m404[0m 8.511 ms - 145[0m
2023-03-07 22:50:59 info: 📦 Database initialized
2023-03-07 22:50:59 info: =================================
2023-03-07 22:50:59 info: ======= ENV: development =======
2023-03-07 22:50:59 info: 🚀 App listening on the port 5000
2023-03-07 22:50:59 info: =================================
2023-03-07 22:51:45 info: 📦 Database initialized
2023-03-07 22:51:45 info: =================================
2023-03-07 22:51:45 info: ======= ENV: development =======
2023-03-07 22:51:45 info: 🚀 App listening on the port 5000
2023-03-07 22:51:45 info: =================================
2023-03-07 23:01:26 info: 📦 Database initialized
2023-03-07 23:01:26 info: =================================
2023-03-07 23:01:26 info: ======= ENV: development =======
2023-03-07 23:01:26 info: 🚀 App listening on the port 5000
2023-03-07 23:01:26 info: =================================
2023-03-07 23:02:23 info: 📦 Database initialized
2023-03-07 23:02:23 info: =================================
2023-03-07 23:02:23 info: ======= ENV: development =======
2023-03-07 23:02:23 info: 🚀 App listening on the port 5000
2023-03-07 23:02:23 info: =================================
2023-03-07 23:02:50 info: 📦 Database initialized
2023-03-07 23:02:50 info: =================================
2023-03-07 23:02:50 info: ======= ENV: development =======
2023-03-07 23:02:50 info: 🚀 App listening on the port 5000
2023-03-07 23:02:50 info: =================================
2023-03-07 23:03:06 info: 📦 Database initialized
2023-03-07 23:03:06 info: =================================
2023-03-07 23:03:06 info: ======= ENV: development =======
2023-03-07 23:03:06 info: 🚀 App listening on the port 5000
2023-03-07 23:03:06 info: =================================
2023-03-07 23:03:12 info: [0mGET /users/ [33m404[0m 5.352 ms - 145[0m
2023-03-07 23:03:53 info: [0mGET / [33m404[0m 1.243 ms - 139[0m
2023-03-07 23:04:52 info: 📦 Database initialized
2023-03-07 23:04:52 info: =================================
2023-03-07 23:04:52 info: ======= ENV: development =======
2023-03-07 23:04:52 info: 🚀 App listening on the port 5000
2023-03-07 23:04:52 info: =================================
2023-03-07 23:05:25 info: 📦 Database initialized
2023-03-07 23:05:25 info: =================================
2023-03-07 23:05:25 info: ======= ENV: development =======
2023-03-07 23:05:25 info: 🚀 App listening on the port 5000
2023-03-07 23:05:25 info: =================================
2023-03-07 23:06:02 info: 📦 Database initialized
2023-03-07 23:06:02 info: =================================
2023-03-07 23:06:02 info: ======= ENV: development =======
2023-03-07 23:06:02 info: 🚀 App listening on the port 5000
2023-03-07 23:06:02 info: =================================
2023-03-07 23:06:42 info: 📦 Database initialized
2023-03-07 23:06:42 info: =================================
2023-03-07 23:06:42 info: ======= ENV: development =======
2023-03-07 23:06:42 info: 🚀 App listening on the port 5000
2023-03-07 23:06:42 info: =================================
2023-03-07 23:06:54 info: 📦 Database initialized
2023-03-07 23:06:54 info: =================================
2023-03-07 23:06:54 info: ======= ENV: development =======
2023-03-07 23:06:54 info: 🚀 App listening on the port 5000
2023-03-07 23:06:54 info: =================================
2023-03-07 23:07:05 info: [0mGET / [33m404[0m 5.098 ms - 139[0m
2023-03-07 23:07:09 info: [0mGET /users [32m200[0m 2.724 ms - 11[0m
2023-03-07 23:07:52 info: 📦 Database initialized
2023-03-07 23:07:52 info: =================================
2023-03-07 23:07:52 info: ======= ENV: development =======
2023-03-07 23:07:52 info: 🚀 App listening on the port 5000
2023-03-07 23:07:52 info: =================================
2023-03-07 23:09:22 info: 📦 Database initialized
2023-03-07 23:09:22 info: =================================
2023-03-07 23:09:22 info: ======= ENV: development =======
2023-03-07 23:09:22 info: 🚀 App listening on the port 5000
2023-03-07 23:09:22 info: =================================
2023-03-07 23:09:36 info: 📦 Database initialized
2023-03-07 23:09:36 info: =================================
2023-03-07 23:09:36 info: ======= ENV: development =======
2023-03-07 23:09:36 info: 🚀 App listening on the port 5000
2023-03-07 23:09:36 info: =================================
2023-03-07 23:11:16 info: 📦 Database initialized
2023-03-07 23:11:16 info: =================================
2023-03-07 23:11:16 info: ======= ENV: development =======
2023-03-07 23:11:16 info: 🚀 App listening on the port 5000
2023-03-07 23:11:16 info: =================================
2023-03-07 23:13:10 info: 📦 Database initialized
2023-03-07 23:13:10 info: =================================
2023-03-07 23:13:10 info: ======= ENV: development =======
2023-03-07 23:13:10 info: 🚀 App listening on the port 5000
2023-03-07 23:13:10 info: =================================
2023-03-07 23:13:39 info: 📦 Database initialized
2023-03-07 23:13:39 info: =================================
2023-03-07 23:13:39 info: ======= ENV: development =======
2023-03-07 23:13:39 info: 🚀 App listening on the port 5000
2023-03-07 23:13:39 info: =================================
2023-03-07 23:14:16 info: 📦 Database initialized
2023-03-07 23:14:16 info: =================================
2023-03-07 23:14:16 info: ======= ENV: development =======
2023-03-07 23:14:16 info: 🚀 App listening on the port 5000
2023-03-07 23:14:16 info: =================================
2023-03-07 23:15:26 info: 📦 Database initialized
2023-03-07 23:15:26 info: =================================
2023-03-07 23:15:26 info: ======= ENV: development =======
2023-03-07 23:15:26 info: 🚀 App listening on the port 5000
2023-03-07 23:15:26 info: =================================
2023-03-07 23:15:50 info: 📦 Database initialized
2023-03-07 23:15:50 info: =================================
2023-03-07 23:15:50 info: ======= ENV: development =======
2023-03-07 23:15:50 info: 🚀 App listening on the port 5000
2023-03-07 23:15:50 info: =================================
2023-03-07 23:16:09 info: 📦 Database initialized
2023-03-07 23:16:09 info: =================================
2023-03-07 23:16:09 info: ======= ENV: development =======
2023-03-07 23:16:09 info: 🚀 App listening on the port 5000
2023-03-07 23:16:09 info: =================================
2023-03-07 23:16:19 info: 📦 Database initialized
2023-03-07 23:16:19 info: =================================
2023-03-07 23:16:19 info: ======= ENV: development =======
2023-03-07 23:16:19 info: 🚀 App listening on the port 5000
2023-03-07 23:16:19 info: =================================
2023-03-07 23:18:25 info: 📦 Database initialized
2023-03-07 23:18:25 info: =================================
2023-03-07 23:18:25 info: ======= ENV: development =======
2023-03-07 23:18:25 info: 🚀 App listening on the port 5000
2023-03-07 23:18:25 info: =================================
2023-03-07 23:20:16 info: 📦 Database initialized
2023-03-07 23:20:16 info: =================================
2023-03-07 23:20:16 info: ======= ENV: development =======
2023-03-07 23:20:16 info: 🚀 App listening on the port 5000
2023-03-07 23:20:16 info: =================================
2023-03-07 23:23:10 info: 📦 Database initialized
2023-03-07 23:23:10 info: =================================
2023-03-07 23:23:10 info: ======= ENV: development =======
2023-03-07 23:23:10 info: 🚀 App listening on the port 5000
2023-03-07 23:23:10 info: =================================
2023-03-07 23:24:46 info: 📦 Database initialized
2023-03-07 23:24:46 info: =================================
2023-03-07 23:24:46 info: ======= ENV: development =======
2023-03-07 23:24:46 info: 🚀 App listening on the port 5000
2023-03-07 23:24:46 info: =================================
2023-03-07 23:25:03 info: 📦 Database initialized
2023-03-07 23:25:03 info: =================================
2023-03-07 23:25:03 info: ======= ENV: development =======
2023-03-07 23:25:03 info: 🚀 App listening on the port 5000
2023-03-07 23:25:03 info: =================================
2023-03-07 23:25:12 info: 📦 Database initialized
2023-03-07 23:25:12 info: =================================
2023-03-07 23:25:12 info: ======= ENV: development =======
2023-03-07 23:25:12 info: 🚀 App listening on the port 5000
2023-03-07 23:25:12 info: =================================
2023-03-07 23:25:34 info: 📦 Database initialized
2023-03-07 23:25:34 info: =================================
2023-03-07 23:25:34 info: ======= ENV: development =======
2023-03-07 23:25:34 info: 🚀 App listening on the port 5000
2023-03-07 23:25:34 info: =================================
2023-03-07 23:27:25 info: 📦 Database initialized
2023-03-07 23:27:25 info: =================================
2023-03-07 23:27:25 info: ======= ENV: development =======
2023-03-07 23:27:25 info: 🚀 App listening on the port 5000
2023-03-07 23:27:25 info: =================================
2023-03-07 23:27:50 info: 📦 Database initialized
2023-03-07 23:27:50 info: =================================
2023-03-07 23:27:50 info: ======= ENV: development =======
2023-03-07 23:27:50 info: 🚀 App listening on the port 5000
2023-03-07 23:27:50 info: =================================
2023-03-07 23:30:39 info: 📦 Database initialized
2023-03-07 23:30:39 info: =================================
2023-03-07 23:30:39 info: ======= ENV: development =======
2023-03-07 23:30:39 info: 🚀 App listening on the port 5000
2023-03-07 23:30:39 info: =================================
2023-03-07 23:31:40 info: 📦 Database initialized
2023-03-07 23:31:40 info: =================================
2023-03-07 23:31:40 info: ======= ENV: development =======
2023-03-07 23:31:40 info: 🚀 App listening on the port 5000
2023-03-07 23:31:40 info: =================================
2023-03-07 23:33:18 info: 📦 Database initialized
2023-03-07 23:33:18 info: =================================
2023-03-07 23:33:18 info: ======= ENV: development =======
2023-03-07 23:33:18 info: 🚀 App listening on the port 5000
2023-03-07 23:33:18 info: =================================
2023-03-07 23:34:36 info: 📦 Database initialized
2023-03-07 23:34:36 info: =================================
2023-03-07 23:34:36 info: ======= ENV: development =======
2023-03-07 23:34:36 info: 🚀 App listening on the port 5000
2023-03-07 23:34:36 info: =================================
2023-03-07 23:34:49 info: 📦 Database initialized
2023-03-07 23:34:49 info: =================================
2023-03-07 23:34:49 info: ======= ENV: development =======
2023-03-07 23:34:49 info: 🚀 App listening on the port 5000
2023-03-07 23:34:49 info: =================================
2023-03-07 23:34:54 info: 📦 Database initialized
2023-03-07 23:34:54 info: =================================
2023-03-07 23:34:54 info: ======= ENV: development =======
2023-03-07 23:34:54 info: 🚀 App listening on the port 5000
2023-03-07 23:34:54 info: =================================
2023-03-07 23:38:11 info: 📦 Database initialized
2023-03-07 23:38:11 info: =================================
2023-03-07 23:38:11 info: ======= ENV: development =======
2023-03-07 23:38:11 info: 🚀 App listening on the port 5000
2023-03-07 23:38:11 info: =================================
2023-03-07 23:44:33 info: 📦 Database initialized
2023-03-07 23:44:33 info: =================================
2023-03-07 23:44:33 info: ======= ENV: development =======
2023-03-07 23:44:33 info: 🚀 App listening on the port 5000
2023-03-07 23:44:33 info: =================================
